Arguments: 
  /home/marcio/.nvm/versions/node/v14.17.6/bin/node /home/marcio/.nvm/versions/node/v14.17.6/bin/yarn add @iconify/iconify -D

PATH: 
  /home/marcio/.nvm/versions/node/v14.17.6/bin:/usr/local/sbin:/usr/local/bin:/usr/sbin:/usr/bin:/sbin:/bin:/usr/games:/usr/local/games:/snap/bin

Yarn version: 
  1.22.17

Node version: 
  14.17.6

Platform: 
  linux x64

Trace: 
  Error: https://registry.yarnpkg.com/@firebase/firestore/-/firestore-2.4.1.tgz: ESOCKETTIMEDOUT
      at ClientRequest.<anonymous> (/home/marcio/.nvm/versions/node/v14.17.6/lib/node_modules/yarn/lib/cli.js:141510:19)
      at Object.onceWrapper (events.js:519:28)
      at ClientRequest.emit (events.js:400:28)
      at TLSSocket.emitRequestTimeout (_http_client.js:790:9)
      at Object.onceWrapper (events.js:519:28)
      at TLSSocket.emit (events.js:412:35)
      at TLSSocket.Socket._onTimeout (net.js:484:8)
      at listOnTimeout (internal/timers.js:557:17)
      at processTimers (internal/timers.js:500:7)

npm manifest: 
  {
    "name": "letmeask",
    "version": "0.1.0",
    "private": true,
    "dependencies": {
      "@testing-library/jest-dom": "^5.11.4",
      "@testing-library/react": "^11.1.0",
      "@testing-library/user-event": "^12.1.10",
      "@types/jest": "^26.0.15",
      "@types/node": "^12.0.0",
      "@types/react": "^17.0.0",
      "@types/react-dom": "^17.0.0",
      "firebase": "^8.6.7",
      "node-sass": "^5.0.0",
      "react": "^17.0.2",
      "react-dom": "^17.0.2",
      "react-router-dom": "^5.2.0",
      "react-scripts": "4.0.3",
      "typescript": "^4.1.2",
      "web-vitals": "^1.0.1"
    },
  
    "repository": "git+https://github.com/GuiRodrigo/GM-Mycore.git",
    "keywords": [],
    "author": "Guilherme <guilhermeguirodrigo@gmail.com>",
    "scripts": {
      "start": "react-scripts start",
      "build": "react-scripts build",
      "test": "react-scripts test",
      "eject": "react-scripts eject"
    },
    "eslintConfig": {
      "extends": [
        "react-app",
        "react-app/jest"
      ]
    },
    "browserslist": {
      "production": [
        ">0.2%",
        "not dead",
        "not op_mini all"
      ],
      "development": [
        "last 1 chrome version",
        "last 1 firefox version",
        "last 1 safari version"
      ]
    },
    "devDependencies": {
      "@types/react-router-dom": "^5.1.7"
    }
  }

yarn manifest: 
  No manifest

Lockfile: 
  No lockfile
